<?xml version="1.0" encoding="UTF-8"?>
<!-- Generated by org.testng.reporters.JUnitReportReporter -->
<testsuite hostname="LAPTOP-5S6QD9AN" failures="0" tests="6" name="jeny.cucumberOptions.TestNGRunner" time="0.172" errors="0" timestamp="2025-08-13T15:20:54 IST" skipped="0">
  <testcase classname="jeny.cucumberOptions.TestNGRunner" name="runScenario" time="0.009"/>
  <testcase classname="jeny.cucumberOptions.TestNGRunner" name="runScenario" time="0.006"/>
  <testcase classname="jeny.cucumberOptions.TestNGRunner" name="runScenario" time="0.016"/>
  <testcase classname="jeny.cucumberOptions.TestNGRunner" name="runScenario" time="0.006"/>
  <testcase classname="jeny.cucumberOptions.TestNGRunner" name="runScenario" time="0.004"/>
  <testcase classname="jeny.cucumberOptions.TestNGRunner" name="runScenario" time="0.131"/>
</testsuite> <!-- jeny.cucumberOptions.TestNGRunner -->
